com.example.demo.Application-[INFO]- 2024-09-25 10:47:50,832-Starting Application using Java 1.8.0_251 on Ashus-MacBook-Air.local with PID 64148 (/Users/ashujauhari/Data/Session/Microservice2024/11a-customer-service-OneToMany-cutomer/target/classes started by ashujauhari in /Users/ashujauhari/Data/Session/Microservice2024/11a-customer-service-OneToMany-cutomer)-
com.example.demo.Application-[INFO]- 2024-09-25 10:47:50,836-No active profile set, falling back to default profiles: default-
org.springframework.boot.devtools.env.DevToolsPropertyDefaultsPostProcessor-[INFO]- 2024-09-25 10:47:50,894-Devtools property defaults active! Set 'spring.devtools.add-properties' to 'false' to disable-
org.springframework.boot.devtools.env.DevToolsPropertyDefaultsPostProcessor-[INFO]- 2024-09-25 10:47:50,894-For additional web related logging consider setting the 'logging.level.web' property to 'DEBUG'-
org.springframework.data.repository.config.RepositoryConfigurationDelegate-[INFO]- 2024-09-25 10:47:52,059-Bootstrapping Spring Data JPA repositories in DEFAULT mode.-
org.springframework.data.repository.config.RepositoryConfigurationDelegate-[INFO]- 2024-09-25 10:47:52,125-Finished Spring Data repository scanning in 59 ms. Found 1 JPA repository interfaces.-
org.springframework.boot.web.embedded.tomcat.TomcatWebServer-[INFO]- 2024-09-25 10:47:52,782-Tomcat initialized with port(s): 8000 (http)-
org.apache.catalina.core.StandardService-[INFO]- 2024-09-25 10:47:52,790-Starting service [Tomcat]-
org.apache.catalina.core.StandardEngine-[INFO]- 2024-09-25 10:47:52,790-Starting Servlet engine: [Apache Tomcat/9.0.53]-
org.apache.catalina.core.ContainerBase.[Tomcat].[localhost].[/]-[INFO]- 2024-09-25 10:47:52,849-Initializing Spring embedded WebApplicationContext-
org.springframework.boot.web.servlet.context.ServletWebServerApplicationContext-[INFO]- 2024-09-25 10:47:52,850-Root WebApplicationContext: initialization completed in 1956 ms-
org.hibernate.jpa.internal.util.LogHelper-[INFO]- 2024-09-25 10:47:53,094-HHH000204: Processing PersistenceUnitInfo [name: default]-
org.hibernate.Version-[INFO]- 2024-09-25 10:47:53,132-HHH000412: Hibernate ORM core version 5.4.32.Final-
org.hibernate.annotations.common.Version-[INFO]- 2024-09-25 10:47:53,231-HCANN000001: Hibernate Commons Annotations {5.1.2.Final}-
com.zaxxer.hikari.HikariDataSource-[INFO]- 2024-09-25 10:47:53,304-HikariPool-1 - Starting...-
com.zaxxer.hikari.HikariDataSource-[INFO]- 2024-09-25 10:47:53,878-HikariPool-1 - Start completed.-
org.hibernate.dialect.Dialect-[INFO]- 2024-09-25 10:47:53,896-HHH000400: Using dialect: org.hibernate.dialect.MySQL5InnoDBDialect-
org.hibernate.tool.schema.internal.ExceptionHandlerLoggedImpl-[WARN]- 2024-09-25 10:47:54,701-GenerationTarget encountered exception accepting command : Error executing DDL "create table order (id bigint not null auto_increment, product varchar(255), customer_id bigint, primary key (id)) engine=InnoDB" via JDBC Statement-
org.hibernate.tool.schema.spi.CommandAcceptanceException: Error executing DDL "create table order (id bigint not null auto_increment, product varchar(255), customer_id bigint, primary key (id)) engine=InnoDB" via JDBC Statement
	at org.hibernate.tool.schema.internal.exec.GenerationTargetToDatabase.accept(GenerationTargetToDatabase.java:67)
	at org.hibernate.tool.schema.internal.AbstractSchemaMigrator.applySqlString(AbstractSchemaMigrator.java:562)
	at org.hibernate.tool.schema.internal.AbstractSchemaMigrator.applySqlStrings(AbstractSchemaMigrator.java:507)
	at org.hibernate.tool.schema.internal.AbstractSchemaMigrator.createTable(AbstractSchemaMigrator.java:277)
	at org.hibernate.tool.schema.internal.GroupedSchemaMigratorImpl.performTablesMigration(GroupedSchemaMigratorImpl.java:71)
	at org.hibernate.tool.schema.internal.AbstractSchemaMigrator.performMigration(AbstractSchemaMigrator.java:207)
	at org.hibernate.tool.schema.internal.AbstractSchemaMigrator.doMigration(AbstractSchemaMigrator.java:114)
	at org.hibernate.tool.schema.spi.SchemaManagementToolCoordinator.performDatabaseAction(SchemaManagementToolCoordinator.java:184)
	at org.hibernate.tool.schema.spi.SchemaManagementToolCoordinator.process(SchemaManagementToolCoordinator.java:73)
	at org.hibernate.internal.SessionFactoryImpl.<init>(SessionFactoryImpl.java:318)
	at org.hibernate.boot.internal.SessionFactoryBuilderImpl.build(SessionFactoryBuilderImpl.java:468)
	at org.hibernate.jpa.boot.internal.EntityManagerFactoryBuilderImpl.build(EntityManagerFactoryBuilderImpl.java:1259)
	at org.springframework.orm.jpa.vendor.SpringHibernateJpaPersistenceProvider.createContainerEntityManagerFactory(SpringHibernateJpaPersistenceProvider.java:58)
	at org.springframework.orm.jpa.LocalContainerEntityManagerFactoryBean.createNativeEntityManagerFactory(LocalContainerEntityManagerFactoryBean.java:365)
	at org.springframework.orm.jpa.AbstractEntityManagerFactoryBean.buildNativeEntityManagerFactory(AbstractEntityManagerFactoryBean.java:409)
	at org.springframework.orm.jpa.AbstractEntityManagerFactoryBean.afterPropertiesSet(AbstractEntityManagerFactoryBean.java:396)
	at org.springframework.orm.jpa.LocalContainerEntityManagerFactoryBean.afterPropertiesSet(LocalContainerEntityManagerFactoryBean.java:341)
	at org.springframework.beans.factory.support.AbstractAutowireCapableBeanFactory.invokeInitMethods(AbstractAutowireCapableBeanFactory.java:1863)
	at org.springframework.beans.factory.support.AbstractAutowireCapableBeanFactory.initializeBean(AbstractAutowireCapableBeanFactory.java:1800)
	at org.springframework.beans.factory.support.AbstractAutowireCapableBeanFactory.doCreateBean(AbstractAutowireCapableBeanFactory.java:620)
	at org.springframework.beans.factory.support.AbstractAutowireCapableBeanFactory.createBean(AbstractAutowireCapableBeanFactory.java:542)
	at org.springframework.beans.factory.support.AbstractBeanFactory.lambda$doGetBean$0(AbstractBeanFactory.java:335)
	at org.springframework.beans.factory.support.DefaultSingletonBeanRegistry.getSingleton(DefaultSingletonBeanRegistry.java:234)
	at org.springframework.beans.factory.support.AbstractBeanFactory.doGetBean(AbstractBeanFactory.java:333)
	at org.springframework.beans.factory.support.AbstractBeanFactory.getBean(AbstractBeanFactory.java:208)
	at org.springframework.context.support.AbstractApplicationContext.getBean(AbstractApplicationContext.java:1154)
	at org.springframework.context.support.AbstractApplicationContext.finishBeanFactoryInitialization(AbstractApplicationContext.java:908)
	at org.springframework.context.support.AbstractApplicationContext.refresh(AbstractApplicationContext.java:583)
	at org.springframework.boot.web.servlet.context.ServletWebServerApplicationContext.refresh(ServletWebServerApplicationContext.java:145)
	at org.springframework.boot.SpringApplication.refresh(SpringApplication.java:754)
	at org.springframework.boot.SpringApplication.refreshContext(SpringApplication.java:434)
	at org.springframework.boot.SpringApplication.run(SpringApplication.java:338)
	at org.springframework.boot.SpringApplication.run(SpringApplication.java:1343)
	at org.springframework.boot.SpringApplication.run(SpringApplication.java:1332)
	at com.example.demo.Application.main(Application.java:13)
	at sun.reflect.NativeMethodAccessorImpl.invoke0(Native Method)
	at sun.reflect.NativeMethodAccessorImpl.invoke(NativeMethodAccessorImpl.java:62)
	at sun.reflect.DelegatingMethodAccessorImpl.invoke(DelegatingMethodAccessorImpl.java:43)
	at java.lang.reflect.Method.invoke(Method.java:498)
	at org.springframework.boot.devtools.restart.RestartLauncher.run(RestartLauncher.java:49)
Caused by: java.sql.SQLSyntaxErrorException: You have an error in your SQL syntax; check the manual that corresponds to your MySQL server version for the right syntax to use near 'order (id bigint not null auto_increment, product varchar(255), customer_id bigi' at line 1
	at com.mysql.cj.jdbc.exceptions.SQLError.createSQLException(SQLError.java:120)
	at com.mysql.cj.jdbc.exceptions.SQLExceptionsMapping.translateException(SQLExceptionsMapping.java:122)
	at com.mysql.cj.jdbc.StatementImpl.executeInternal(StatementImpl.java:764)
	at com.mysql.cj.jdbc.StatementImpl.execute(StatementImpl.java:648)
	at com.zaxxer.hikari.pool.ProxyStatement.execute(ProxyStatement.java:94)
	at com.zaxxer.hikari.pool.HikariProxyStatement.execute(HikariProxyStatement.java)
	at org.hibernate.tool.schema.internal.exec.GenerationTargetToDatabase.accept(GenerationTargetToDatabase.java:54)
	... 39 common frames omitted
org.hibernate.tool.schema.internal.ExceptionHandlerLoggedImpl-[WARN]- 2024-09-25 10:47:54,704-GenerationTarget encountered exception accepting command : Error executing DDL "alter table order add constraint FKb8tboo4d95mh8gavvovwbb7vg foreign key (customer_id) references customer (id)" via JDBC Statement-
org.hibernate.tool.schema.spi.CommandAcceptanceException: Error executing DDL "alter table order add constraint FKb8tboo4d95mh8gavvovwbb7vg foreign key (customer_id) references customer (id)" via JDBC Statement
	at org.hibernate.tool.schema.internal.exec.GenerationTargetToDatabase.accept(GenerationTargetToDatabase.java:67)
	at org.hibernate.tool.schema.internal.AbstractSchemaMigrator.applySqlString(AbstractSchemaMigrator.java:562)
	at org.hibernate.tool.schema.internal.AbstractSchemaMigrator.applySqlStrings(AbstractSchemaMigrator.java:507)
	at org.hibernate.tool.schema.internal.AbstractSchemaMigrator.applyForeignKeys(AbstractSchemaMigrator.java:433)
	at org.hibernate.tool.schema.internal.AbstractSchemaMigrator.performMigration(AbstractSchemaMigrator.java:249)
	at org.hibernate.tool.schema.internal.AbstractSchemaMigrator.doMigration(AbstractSchemaMigrator.java:114)
	at org.hibernate.tool.schema.spi.SchemaManagementToolCoordinator.performDatabaseAction(SchemaManagementToolCoordinator.java:184)
	at org.hibernate.tool.schema.spi.SchemaManagementToolCoordinator.process(SchemaManagementToolCoordinator.java:73)
	at org.hibernate.internal.SessionFactoryImpl.<init>(SessionFactoryImpl.java:318)
	at org.hibernate.boot.internal.SessionFactoryBuilderImpl.build(SessionFactoryBuilderImpl.java:468)
	at org.hibernate.jpa.boot.internal.EntityManagerFactoryBuilderImpl.build(EntityManagerFactoryBuilderImpl.java:1259)
	at org.springframework.orm.jpa.vendor.SpringHibernateJpaPersistenceProvider.createContainerEntityManagerFactory(SpringHibernateJpaPersistenceProvider.java:58)
	at org.springframework.orm.jpa.LocalContainerEntityManagerFactoryBean.createNativeEntityManagerFactory(LocalContainerEntityManagerFactoryBean.java:365)
	at org.springframework.orm.jpa.AbstractEntityManagerFactoryBean.buildNativeEntityManagerFactory(AbstractEntityManagerFactoryBean.java:409)
	at org.springframework.orm.jpa.AbstractEntityManagerFactoryBean.afterPropertiesSet(AbstractEntityManagerFactoryBean.java:396)
	at org.springframework.orm.jpa.LocalContainerEntityManagerFactoryBean.afterPropertiesSet(LocalContainerEntityManagerFactoryBean.java:341)
	at org.springframework.beans.factory.support.AbstractAutowireCapableBeanFactory.invokeInitMethods(AbstractAutowireCapableBeanFactory.java:1863)
	at org.springframework.beans.factory.support.AbstractAutowireCapableBeanFactory.initializeBean(AbstractAutowireCapableBeanFactory.java:1800)
	at org.springframework.beans.factory.support.AbstractAutowireCapableBeanFactory.doCreateBean(AbstractAutowireCapableBeanFactory.java:620)
	at org.springframework.beans.factory.support.AbstractAutowireCapableBeanFactory.createBean(AbstractAutowireCapableBeanFactory.java:542)
	at org.springframework.beans.factory.support.AbstractBeanFactory.lambda$doGetBean$0(AbstractBeanFactory.java:335)
	at org.springframework.beans.factory.support.DefaultSingletonBeanRegistry.getSingleton(DefaultSingletonBeanRegistry.java:234)
	at org.springframework.beans.factory.support.AbstractBeanFactory.doGetBean(AbstractBeanFactory.java:333)
	at org.springframework.beans.factory.support.AbstractBeanFactory.getBean(AbstractBeanFactory.java:208)
	at org.springframework.context.support.AbstractApplicationContext.getBean(AbstractApplicationContext.java:1154)
	at org.springframework.context.support.AbstractApplicationContext.finishBeanFactoryInitialization(AbstractApplicationContext.java:908)
	at org.springframework.context.support.AbstractApplicationContext.refresh(AbstractApplicationContext.java:583)
	at org.springframework.boot.web.servlet.context.ServletWebServerApplicationContext.refresh(ServletWebServerApplicationContext.java:145)
	at org.springframework.boot.SpringApplication.refresh(SpringApplication.java:754)
	at org.springframework.boot.SpringApplication.refreshContext(SpringApplication.java:434)
	at org.springframework.boot.SpringApplication.run(SpringApplication.java:338)
	at org.springframework.boot.SpringApplication.run(SpringApplication.java:1343)
	at org.springframework.boot.SpringApplication.run(SpringApplication.java:1332)
	at com.example.demo.Application.main(Application.java:13)
	at sun.reflect.NativeMethodAccessorImpl.invoke0(Native Method)
	at sun.reflect.NativeMethodAccessorImpl.invoke(NativeMethodAccessorImpl.java:62)
	at sun.reflect.DelegatingMethodAccessorImpl.invoke(DelegatingMethodAccessorImpl.java:43)
	at java.lang.reflect.Method.invoke(Method.java:498)
	at org.springframework.boot.devtools.restart.RestartLauncher.run(RestartLauncher.java:49)
Caused by: java.sql.SQLSyntaxErrorException: You have an error in your SQL syntax; check the manual that corresponds to your MySQL server version for the right syntax to use near 'order add constraint FKb8tboo4d95mh8gavvovwbb7vg foreign key (customer_id) refer' at line 1
	at com.mysql.cj.jdbc.exceptions.SQLError.createSQLException(SQLError.java:120)
	at com.mysql.cj.jdbc.exceptions.SQLExceptionsMapping.translateException(SQLExceptionsMapping.java:122)
	at com.mysql.cj.jdbc.StatementImpl.executeInternal(StatementImpl.java:764)
	at com.mysql.cj.jdbc.StatementImpl.execute(StatementImpl.java:648)
	at com.zaxxer.hikari.pool.ProxyStatement.execute(ProxyStatement.java:94)
	at com.zaxxer.hikari.pool.HikariProxyStatement.execute(HikariProxyStatement.java)
	at org.hibernate.tool.schema.internal.exec.GenerationTargetToDatabase.accept(GenerationTargetToDatabase.java:54)
	... 38 common frames omitted
org.hibernate.engine.transaction.jta.platform.internal.JtaPlatformInitiator-[INFO]- 2024-09-25 10:47:54,705-HHH000490: Using JtaPlatform implementation: [org.hibernate.engine.transaction.jta.platform.internal.NoJtaPlatform]-
org.springframework.orm.jpa.LocalContainerEntityManagerFactoryBean-[INFO]- 2024-09-25 10:47:54,713-Initialized JPA EntityManagerFactory for persistence unit 'default'-
org.springframework.boot.autoconfigure.orm.jpa.JpaBaseConfiguration$JpaWebConfiguration-[WARN]- 2024-09-25 10:47:55,349-spring.jpa.open-in-view is enabled by default. Therefore, database queries may be performed during view rendering. Explicitly configure spring.jpa.open-in-view to disable this warning-
org.springframework.boot.actuate.endpoint.web.EndpointLinksResolver-[INFO]- 2024-09-25 10:47:55,556-Exposing 1 endpoint(s) beneath base path '/actuator'-
springfox.documentation.spring.web.PropertySourcedRequestMappingHandlerMapping-[INFO]- 2024-09-25 10:47:55,636-Mapped URL path [/v2/api-docs] onto method [springfox.documentation.swagger2.web.Swagger2Controller#getDocumentation(String, HttpServletRequest)]-
org.springframework.boot.devtools.autoconfigure.OptionalLiveReloadServer-[INFO]- 2024-09-25 10:47:55,764-LiveReload server is running on port 35729-
org.springframework.boot.web.embedded.tomcat.TomcatWebServer-[INFO]- 2024-09-25 10:47:56,420-Tomcat started on port(s): 8000 (http) with context path ''-
springfox.documentation.spring.web.plugins.DocumentationPluginsBootstrapper-[INFO]- 2024-09-25 10:47:56,424-Context refreshed-
springfox.documentation.spring.web.plugins.DocumentationPluginsBootstrapper-[INFO]- 2024-09-25 10:47:56,440-Found 1 custom documentation plugin(s)-
springfox.documentation.spring.web.scanners.ApiListingReferenceScanner-[INFO]- 2024-09-25 10:47:56,473-Scanning for api listing references-
springfox.documentation.spring.web.readers.operation.CachingOperationNameGenerator-[INFO]- 2024-09-25 10:47:56,677-Generating unique operation named: handleUsingGET_1-
com.example.demo.Application-[INFO]- 2024-09-25 10:47:56,715-Started Application in 6.298 seconds (JVM running for 7.134)-
org.apache.catalina.core.ContainerBase.[Tomcat].[localhost].[/]-[INFO]- 2024-09-25 10:47:56,968-Initializing Spring DispatcherServlet 'dispatcherServlet'-
org.springframework.web.servlet.DispatcherServlet-[INFO]- 2024-09-25 10:47:56,969-Initializing Servlet 'dispatcherServlet'-
org.springframework.web.servlet.DispatcherServlet-[INFO]- 2024-09-25 10:47:56,971-Completed initialization in 2 ms-
org.springframework.orm.jpa.LocalContainerEntityManagerFactoryBean-[INFO]- 2024-09-25 10:48:17,034-Closing JPA EntityManagerFactory for persistence unit 'default'-
com.zaxxer.hikari.HikariDataSource-[INFO]- 2024-09-25 10:48:17,040-HikariPool-1 - Shutdown initiated...-
com.zaxxer.hikari.HikariDataSource-[INFO]- 2024-09-25 10:48:17,052-HikariPool-1 - Shutdown completed.-
